
ROM used:   87/8192 (1%)
            87/8192 (1%) including unused fragments

            0.1 Average locations per line
            5.4 Average locations per statement

RAM used:   8/368 (2%) at main() level
            11/368 (3%) worst case

Stack used: 0 worst case (0 in main + 0 for interrupts)
Stack size: 8

Lines Stmts  %   Files
----- ----- ---  -----
   27    16 100  main.c
   10     0   0  main.h
  661     0   0  D:\Programs\PICC\Devices\16F877A.h
----- -----
  698    16 Total

Page ROM  %  RAM   Vol Diff  Functions:
---- --- --- ---   --- ----  ----------
0     20  23    1             @delay_ms1
0     63  72    3   566  6.0  main
 Inline         0             @cinit1

Program metrics:
    Functions               1
    Statements              16
    Comments                110
    Volume (V)              571
    Difficulty (D)          5.7
    Effort to implement (E) 3278
    Time to implement (T)   3 minutes
    Est Delivered Bugs (B)  0
    Cyclomatic Complexity   2
    Maintainability (MI)    67

 Segment     Used  Free
-----------  ----  ----
00000-00003     4  0  
00004-007FF    83  1961  
00800-00FFF     0  2048  
01000-017FF     0  2048  
01800-01FFF     0  2048  



