MPASM  5.51                         ODEV3.ASM   11-11-2019  18:36:54         PAGE  1


LOC  OBJECT CODE     LINE SOURCE TEXT
  VALUE

                      00001 
Warning[215]: Processor superseded by command line.  Verify processor symbol.
                      00002         list            p=16f877A        
                      00003         #include        <p16f877A.inc>   
                      00001         LIST
                      00002 
                      00003 ;==========================================================================
                      00004 ;  MPASM PIC16F877A processor include
                      00005 ; 
                      00006 ;  (c) Copyright 1999-2013 Microchip Technology, All rights reserved
                      00007 ;==========================================================================
                      00008 
Message[301]: MESSAGE: (Processor-header file mismatch.  Verify selected processor.)
                      00566         LIST
                      00004         
2007   3F31           00005         __CONFIG H'3F31'  
                      00006 
Warning[207]: Found label after column 1. (sagDIGIT)
  00000021            00007         sagDIGIT                EQU 0x21
Warning[207]: Found label after column 1. (solDIGIT)
  00000022            00008         solDIGIT                EQU 0x22 
Warning[207]: Found label after column 1. (TUR_DEGISKEN1)
  00000023            00009         TUR_DEGISKEN1   EQU 0x23
Warning[207]: Found label after column 1. (TUR_DEGISKEN2)
  00000024            00010         TUR_DEGISKEN2   EQU 0x24
Warning[207]: Found label after column 1. (gecikme1)
  00000025            00011         gecikme1                EQU 0x25
Warning[207]: Found label after column 1. (gecikme2)
  00000026            00012         gecikme2                EQU 0x26
                      00013  
Warning[207]: Found label after column 1. (w_temp)
  0000007D            00014         w_temp          EQU     0x7D            
Warning[207]: Found label after column 1. (status_temp)
  0000007E            00015         status_temp     EQU     0x7E            
Warning[207]: Found label after column 1. (pclath_temp)
  0000007F            00016         pclath_temp     EQU     0x7F                                    
                      00017  
0000                  00018         org     0x000          
0000   2839           00019         goto    BASLA              
                      00020  
0004                  00021         ORG     0x004
0004   2805           00022         goto KESME
                      00023 
0005                  00024 KESME
                      00025            
0005   00FD           00026         movwf   w_temp                   
0006   0803           00027         movf    STATUS,w                 
0007   00FE           00028         movwf   status_temp        
0008   080A           00029         movf    PCLATH,w                         
0009   00FF           00030         movwf   pclath_temp              
                      00031  
000A   110B           00032         BCF             INTCON,T0IF             ; ?NCE TMR0 'IN BAYRA?I SIFIRLANIR KI B?R SONRAK? TMR0 K
                            ESMESI YAKALANSIN
MPASM  5.51                         ODEV3.ASM   11-11-2019  18:36:54         PAGE  2


LOC  OBJECT CODE     LINE SOURCE TEXT
  VALUE

                      00033         
000B   30FA           00034         MOVLW   d'250'                  ; TMR0 250 DEFA TUR ATTI MI? (YANI 250msn GE?TI MI?)
Message[305]: Using default destination of 1 (file).
000C   02A3           00035         SUBWF   TUR_DEGISKEN1           
                      00036         
000D   1D03           00037         BTFSS   STATUS,Z                ;EGER SONUC SIFIR ISE CEVAP EVET. O ZAMAN SN KONTROLA ATLA
000E   2814           00038         GOTO    DEVAM
                      00039         
Message[305]: Using default destination of 1 (file).
000F   0BA4           00040         DECFSZ  TUR_DEGISKEN2           ; O ZAMAN 4 DEFA 250 TUR ATTI MI? (YANI 1sn OLDU MU?)
0010   2814           00041         GOTO    DEVAM
                      00042         
0011   2067           00043         CALL    BIR_SN_OLDU             ;1sn OLUNCA CALISACAK PROGRAMI CALISTIRABILIRSIN
                      00044         
0012   3004           00045         MOVLW   d'4'                    ; TEKRARDAN 1SN SAYAB?LMEK ???N SIFRLANAN DEG?SKENI GUNCELLE
0013   00A4           00046         MOVWF   TUR_DEGISKEN2 
                      00047         
                      00048 
0014                  00049 DEVAM
                      00050         
0014   087F           00051         movf    pclath_temp,w      
0015   008A           00052         movwf   PCLATH                          
0016   087E           00053         movf    status_temp,w           
0017   0083           00054         movwf   STATUS                  
0018   0EFD           00055         swapf   w_temp,f
0019   0E7D           00056         swapf   w_temp,w                
001A   0009           00057         retfie                    
                      00058 
001B                  00059 KATOT_LOOKUP  
001B   0782           00060         ADDWF   PCL,1                        
001C   343F           00061         RETLW   0x3F
001D   3406           00062         RETLW   0x06
001E   345B           00063         RETLW   0x5B
001F   344F           00064         RETLW   0x4F
0020   3466           00065         RETLW   0x66
0021   346D           00066         RETLW   0x6D
0022   347D           00067         RETLW   0x7D
0023   3407           00068         RETLW   0x07
0024   347F           00069         RETLW   0x7F
0025   346F           00070         RETLW   0x6F 
                      00071 
0026                  00072 onAYARLAR
                      00073 
0026   1683 1303      00074         BANKSEL OPTION_REG          ;OPTION_REG 'IN BULUNDUGU BANK 'A GEC
0028   128B           00075         BCF             INTCON,T0IE
0029   138B           00076         BCF             INTCON,GIE
002A   3002           00077         MOVLW   b'00000010'         ;OPTION REG DE PSA TMR0 ICIN AYARLANDI ve PRESCALAR 1:8
Message[302]: Register in operand not in bank 0.  Ensure that bank bits are correct.
002B   0081           00078         MOVWF   OPTION_REG          ;TMR0 KESMESI I?IN 2.ADIM
                      00079         
Message[302]: Register in operand not in bank 0.  Ensure that bank bits are correct.
002C   0186           00080         CLRF    TRISB               ;HAZIR BANK 1 'DEYKEN PORTB NIN HEPSINI ?IKIS YAP 3.ADIM
                      00081         
MPASM  5.51                         ODEV3.ASM   11-11-2019  18:36:54         PAGE  3


LOC  OBJECT CODE     LINE SOURCE TEXT
  VALUE

002D   1283 1303      00082         BANKSEL PORTB               ;BANK1 E GE? VE PORTB YE BASTA 0 Y?KLE
002F   0186           00083         CLRF    PORTB
                      00084         
0030   3082           00085         MOVLW   d'130'              ;TMR0 'IN 4MHZ 'DE 1msn LIK KESME ?RETEBILMESI I?IN 
0031   0081           00086         MOVWF   TMR0                ;125 TANE SAYMALI BU NEDENLE 130 YUKLE 4.ADIM
                      00087   
0032   30FA           00088         MOVLW   d'250'              ;1sn SAYMAK ICIN 1000 SEFER TMR0 ?ALISMALI. 
0033   00A3           00089         MOVWF   TUR_DEGISKEN1       ;BUNUN ICIN IKI DEGISKEN KULLANILIR. BIRINCISINDE 250 ?K?NC?S?NE 4 A
                            TAYABILIRIZ
0034   3004           00090         MOVLW   d'4'                ;4x250 =1000msn (1sn)
0035   00A4           00091         MOVWF   TUR_DEGISKEN2
                      00092         
0036   168B           00093         BSF             INTCON,T0IE         ;TMR0 DAN GELECEK KESMELER AKTIF
0037   178B           00094         BSF             INTCON,GIE          ;T?M KESMELER AKTIF
0038   0008           00095         return
                      00096 
0039                  00097 BASLA 
                      00098         
0039   2026           00099         call    onAYARLAR
003A   1683 1303      00100         BANKSEL ADCON1
003C   3006           00101         MOVLW   0x06                 
Message[302]: Register in operand not in bank 0.  Ensure that bank bits are correct.
003D   009F           00102         MOVWF   ADCON1              
003E   303C           00103         MOVLW   b'00111100'     
003F   1683 1303      00104         BANKSEL TRISA    
Message[302]: Register in operand not in bank 0.  Ensure that bank bits are correct.
0041   0085           00105         MOVWF   TRISA 
0042   1683 1303      00106         BANKSEL TRISB
Message[302]: Register in operand not in bank 0.  Ensure that bank bits are correct.
0044   0186           00107         CLRF    TRISB
0045   1283 1303      00108         BANKSEL PORTB
0047   0186           00109         CLRF    PORTB
                      00110 
0048   01A1           00111         CLRF    sagDIGIT
0049   01A2           00112         CLRF    solDIGIT  
                      00113         
004A                  00114 DONGU 
                      00115         
004A   2058           00116         call    sagYAK
004B   204F           00117         call    GECIKME
004C   2061           00118         call    solYAK
004D   204F           00119         call    GECIKME
004E   284A           00120         goto    DONGU
                      00121         
004F                  00122 GECIKME 
004F   3064           00123         MOVLW   d'100'
0050   00A5           00124         MOVWF   gecikme1
0051                  00125 DONGU1
0051   3064           00126         MOVLW   d'100'
0052   00A6           00127         MOVWF   gecikme2
0053                  00128 DONGU2
Message[305]: Using default destination of 1 (file).
0053   0BA6           00129         DECFSZ  gecikme2
MPASM  5.51                         ODEV3.ASM   11-11-2019  18:36:54         PAGE  4


LOC  OBJECT CODE     LINE SOURCE TEXT
  VALUE

0054   2853           00130         goto    DONGU2
Message[305]: Using default destination of 1 (file).
0055   0BA5           00131         DECFSZ  gecikme1
0056   2851           00132         goto    DONGU1
0057   0008           00133         return
                      00134         
0058                  00135 sagYAK
                      00136 
0058   1103           00137         BCF     STATUS,Z
                      00138         
0059   1283 1303      00139         BANKSEL PORTA
                      00140         
005B   3002           00141         MOVLW   0x02                ; 2. D?SPLAYI AC
005C   0085           00142         MOVWF   PORTA 
                      00143           
005D   0821           00144         MOVFW   sagDIGIT         
005E   201B           00145         CALL    KATOT_LOOKUP 
005F   0086           00146         MOVWF   PORTB               ; LOOK-UP DAN GELENI PORTB YE GONDER  
                      00147             
0060   0008           00148         return 
                      00149   
0061                  00150 solYAK
                      00151           
0061   3001           00152         MOVLW   0x01                ; 1. DISPLAYI AC
0062   0085           00153         MOVWF   PORTA
                      00154                     
0063   0822           00155         MOVFW   solDIGIT                     
0064   201B           00156         call    KATOT_LOOKUP 
0065   0086           00157         MOVWF   PORTB               ; LOOK-UP DAN DONEN DEGERI PORTB YE GONDER
                      00158            
0066   0008           00159         return
                      00160 
0067                  00161 BIR_SN_OLDU
                      00162         
0067   1103           00163         BCF     STATUS,Z
0068   0AA1           00164         INCF    sagDIGIT,F
0069   300A           00165         MOVLW   d'10'
006A   0221           00166         SUBWF   sagDIGIT,W
006B   1D03           00167         BTFSS   STATUS,Z
006C   0008           00168         return 
006D   01A1           00169         CLRF    sagDIGIT
                      00170         
006E   1103           00171         BCF     STATUS,Z
006F   0AA2           00172         INCF    solDIGIT,F
0070   3006           00173         MOVLW   d'6'
0071   0222           00174         SUBWF   solDIGIT,W
0072   1D03           00175         BTFSS   STATUS,Z
0073   0008           00176         return 
0074   01A2           00177         CLRF    solDIGIT
0075   0008           00178         return
                      00179 
                      00180         END                     
MPASM  5.51                         ODEV3.ASM   11-11-2019  18:36:54         PAGE  5


SYMBOL TABLE
  LABEL                             VALUE 

ACKDT                             00000005
ACKEN                             00000004
ACKSTAT                           00000006
ADCON0                            0000001F
ADCON1                            0000009F
ADCS0                             00000006
ADCS1                             00000007
ADCS2                             00000006
ADDEN                             00000003
ADFM                              00000007
ADIE                              00000006
ADIF                              00000006
ADON                              00000000
ADRESH                            0000001E
ADRESL                            0000009E
BASLA                             00000039
BCLIE                             00000003
BCLIF                             00000003
BF                                00000000
BIR_SN_OLDU                       00000067
BRGH                              00000002
C                                 00000000
C1INV                             00000004
C1OUT                             00000006
C2INV                             00000005
C2OUT                             00000007
CCP1CON                           00000017
CCP1IE                            00000002
CCP1IF                            00000002
CCP1M0                            00000000
CCP1M1                            00000001
CCP1M2                            00000002
CCP1M3                            00000003
CCP1X                             00000005
CCP1Y                             00000004
CCP2CON                           0000001D
CCP2IE                            00000000
CCP2IF                            00000000
CCP2M0                            00000000
CCP2M1                            00000001
CCP2M2                            00000002
CCP2M3                            00000003
CCP2X                             00000005
CCP2Y                             00000004
CCPR1                             00000015
CCPR1H                            00000016
CCPR1L                            00000015
CCPR2                             0000001B
CCPR2H                            0000001C
CCPR2L                            0000001B
CHS0                              00000003
CHS1                              00000004
CHS2                              00000005
MPASM  5.51                         ODEV3.ASM   11-11-2019  18:36:54         PAGE  6


SYMBOL TABLE
  LABEL                             VALUE 

CIS                               00000003
CKE                               00000006
CKP                               00000004
CM0                               00000000
CM1                               00000001
CM2                               00000002
CMCON                             0000009C
CMIE                              00000006
CMIF                              00000006
CREN                              00000004
CSRC                              00000007
CVR0                              00000000
CVR1                              00000001
CVR2                              00000002
CVR3                              00000003
CVRCON                            0000009D
CVREN                             00000007
CVROE                             00000006
CVRR                              00000005
D                                 00000005
DATA_ADDRESS                      00000005
DC                                00000001
DEVAM                             00000014
DONGU                             0000004A
DONGU1                            00000051
DONGU2                            00000053
D_A                               00000005
D_NOT_A                           00000005
EEADR                             0000010D
EEADRH                            0000010F
EECON1                            0000018C
EECON2                            0000018D
EEDATA                            0000010C
EEDATH                            0000010E
EEIE                              00000004
EEIF                              00000004
EEPGD                             00000007
F                                 00000001
FERR                              00000002
FSR                               00000004
GCEN                              00000007
GECIKME                           0000004F
GIE                               00000007
GO                                00000002
GO_DONE                           00000002
GO_NOT_DONE                       00000002
I2C_DATA                          00000005
I2C_READ                          00000002
I2C_START                         00000003
I2C_STOP                          00000004
IBF                               00000007
IBOV                              00000005
INDF                              00000000
MPASM  5.51                         ODEV3.ASM   11-11-2019  18:36:54         PAGE  7


SYMBOL TABLE
  LABEL                             VALUE 

INTCON                            0000000B
INTE                              00000004
INTEDG                            00000006
INTF                              00000001
IRP                               00000007
KATOT_LOOKUP                      0000001B
KESME                             00000005
NOT_A                             00000005
NOT_ADDRESS                       00000005
NOT_BO                            00000000
NOT_BOR                           00000000
NOT_DONE                          00000002
NOT_PD                            00000003
NOT_POR                           00000001
NOT_RBPU                          00000007
NOT_RC8                           00000006
NOT_T1SYNC                        00000002
NOT_TO                            00000004
NOT_TX8                           00000006
NOT_W                             00000002
NOT_WRITE                         00000002
OBF                               00000006
OERR                              00000001
OPTION_REG                        00000081
P                                 00000004
PCFG0                             00000000
PCFG1                             00000001
PCFG2                             00000002
PCFG3                             00000003
PCL                               00000002
PCLATH                            0000000A
PCON                              0000008E
PEIE                              00000006
PEN                               00000002
PIE1                              0000008C
PIE2                              0000008D
PIR1                              0000000C
PIR2                              0000000D
PORTA                             00000005
PORTB                             00000006
PORTC                             00000007
PORTD                             00000008
PORTE                             00000009
PR2                               00000092
PS0                               00000000
PS1                               00000001
PS2                               00000002
PSA                               00000003
PSPIE                             00000007
PSPIF                             00000007
PSPMODE                           00000004
R                                 00000002
RA0                               00000000
MPASM  5.51                         ODEV3.ASM   11-11-2019  18:36:54         PAGE  8


SYMBOL TABLE
  LABEL                             VALUE 

RA1                               00000001
RA2                               00000002
RA3                               00000003
RA4                               00000004
RA5                               00000005
RB0                               00000000
RB1                               00000001
RB2                               00000002
RB3                               00000003
RB4                               00000004
RB5                               00000005
RB6                               00000006
RB7                               00000007
RBIE                              00000003
RBIF                              00000000
RC0                               00000000
RC1                               00000001
RC2                               00000002
RC3                               00000003
RC4                               00000004
RC5                               00000005
RC6                               00000006
RC7                               00000007
RC8_9                             00000006
RC9                               00000006
RCD8                              00000000
RCEN                              00000003
RCIE                              00000005
RCIF                              00000005
RCREG                             0000001A
RCSTA                             00000018
RD                                00000000
RD0                               00000000
RD1                               00000001
RD2                               00000002
RD3                               00000003
RD4                               00000004
RD5                               00000005
RD6                               00000006
RD7                               00000007
RE0                               00000000
RE1                               00000001
RE2                               00000002
READ_WRITE                        00000002
RP0                               00000005
RP1                               00000006
RSEN                              00000001
RX9                               00000006
RX9D                              00000000
R_NOT_W                           00000002
R_W                               00000002
S                                 00000003
SEN                               00000000
MPASM  5.51                         ODEV3.ASM   11-11-2019  18:36:54         PAGE  9


SYMBOL TABLE
  LABEL                             VALUE 

SMP                               00000007
SPBRG                             00000099
SPEN                              00000007
SREN                              00000005
SSPADD                            00000093
SSPBUF                            00000013
SSPCON                            00000014
SSPCON2                           00000091
SSPEN                             00000005
SSPIE                             00000003
SSPIF                             00000003
SSPM0                             00000000
SSPM1                             00000001
SSPM2                             00000002
SSPM3                             00000003
SSPOV                             00000006
SSPSTAT                           00000094
STATUS                            00000003
SYNC                              00000004
T0CS                              00000005
T0IE                              00000005
T0IF                              00000002
T0SE                              00000004
T1CKPS0                           00000004
T1CKPS1                           00000005
T1CON                             00000010
T1INSYNC                          00000002
T1OSCEN                           00000003
T1SYNC                            00000002
T2CKPS0                           00000000
T2CKPS1                           00000001
T2CON                             00000012
TMR0                              00000001
TMR0IE                            00000005
TMR0IF                            00000002
TMR1                              0000000E
TMR1CS                            00000001
TMR1H                             0000000F
TMR1IE                            00000000
TMR1IF                            00000000
TMR1L                             0000000E
TMR1ON                            00000000
TMR2                              00000011
TMR2IE                            00000001
TMR2IF                            00000001
TMR2ON                            00000002
TOUTPS0                           00000003
TOUTPS1                           00000004
TOUTPS2                           00000005
TOUTPS3                           00000006
TRISA                             00000085
TRISA0                            00000000
TRISA1                            00000001
MPASM  5.51                         ODEV3.ASM   11-11-2019  18:36:54         PAGE 10


SYMBOL TABLE
  LABEL                             VALUE 

TRISA2                            00000002
TRISA3                            00000003
TRISA4                            00000004
TRISA5                            00000005
TRISB                             00000086
TRISB0                            00000000
TRISB1                            00000001
TRISB2                            00000002
TRISB3                            00000003
TRISB4                            00000004
TRISB5                            00000005
TRISB6                            00000006
TRISB7                            00000007
TRISC                             00000087
TRISC0                            00000000
TRISC1                            00000001
TRISC2                            00000002
TRISC3                            00000003
TRISC4                            00000004
TRISC5                            00000005
TRISC6                            00000006
TRISC7                            00000007
TRISD                             00000088
TRISD0                            00000000
TRISD1                            00000001
TRISD2                            00000002
TRISD3                            00000003
TRISD4                            00000004
TRISD5                            00000005
TRISD6                            00000006
TRISD7                            00000007
TRISE                             00000089
TRISE0                            00000000
TRISE1                            00000001
TRISE2                            00000002
TRMT                              00000001
TUR_DEGISKEN1                     00000023
TUR_DEGISKEN2                     00000024
TX8_9                             00000006
TX9                               00000006
TX9D                              00000000
TXD8                              00000000
TXEN                              00000005
TXIE                              00000004
TXIF                              00000004
TXREG                             00000019
TXSTA                             00000098
UA                                00000001
W                                 00000000
WCOL                              00000007
WR                                00000001
WREN                              00000002
WRERR                             00000003
MPASM  5.51                         ODEV3.ASM   11-11-2019  18:36:54         PAGE 11


SYMBOL TABLE
  LABEL                             VALUE 

Z                                 00000002
_BODEN_OFF                        00003FBF
_BODEN_ON                         00003FFF
_BOREN_OFF                        00003FBF
_BOREN_ON                         00003FFF
_CONFIG                           00002007
_CPD_OFF                          00003FFF
_CPD_ON                           00003EFF
_CP_ALL                           00001FFF
_CP_OFF                           00003FFF
_CP_ON                            00001FFF
_DEBUG_OFF                        00003FFF
_DEBUG_ON                         000037FF
_DEVID1                           00002006
_FOSC_EXTRC                       00003FFF
_FOSC_HS                          00003FFE
_FOSC_LP                          00003FFC
_FOSC_XT                          00003FFD
_HS_OSC                           00003FFE
_IDLOC0                           00002000
_IDLOC1                           00002001
_IDLOC2                           00002002
_IDLOC3                           00002003
_LP_OSC                           00003FFC
_LVP_OFF                          00003F7F
_LVP_ON                           00003FFF
_PWRTE_OFF                        00003FFF
_PWRTE_ON                         00003FF7
_RC_OSC                           00003FFF
_WDTE_OFF                         00003FFB
_WDTE_ON                          00003FFF
_WDT_OFF                          00003FFB
_WDT_ON                           00003FFF
_WRT_1FOURTH                      00003BFF
_WRT_256                          00003DFF
_WRT_HALF                         000039FF
_WRT_OFF                          00003FFF
_XT_OSC                           00003FFD
__16F877                          00000001
__DEBUG                           1
gecikme1                          00000025
gecikme2                          00000026
onAYARLAR                         00000026
pclath_temp                       0000007F
sagDIGIT                          00000021
sagYAK                            00000058
solDIGIT                          00000022
solYAK                            00000061
status_temp                       0000007E
w_temp                            0000007D
MPASM  5.51                         ODEV3.ASM   11-11-2019  18:36:54         PAGE 12


MEMORY USAGE MAP ('X' = Used,  '-' = Unused)


0000 : X---XXXXXXXXXXXX XXXXXXXXXXXXXXXX XXXXXXXXXXXXXXXX XXXXXXXXXXXXXXXX
0040 : XXXXXXXXXXXXXXXX XXXXXXXXXXXXXXXX XXXXXXXXXXXXXXXX XXXXXX----------
2000 : -------X-------- ---------------- ---------------- ----------------

All other memory blocks unused.

Program Memory Words Used:   115
Program Memory Words Free:  8077


Errors   :     0
Warnings :    10 reported,     0 suppressed
Messages :    10 reported,     0 suppressed

