MPASM  4.02 Released                     ISIMYAZDIRMA7SEG.ASM   7-20-2020  21:10:18         PAGE  1


LOC  OBJECT CODE     LINE SOURCE TEXT
  VALUE

                      00001         LIST            p=16f877A 
                      00002         INCLUDE         <p16f877A.inc> 
                      00001         LIST
                      00002 ; P16F877A.INC  Standard Header File, Version 1.00    Microchip Technology, Inc.
                      00398         LIST
                      00003  
  00000020            00004 BIRLER  EQU     20H
  00000021            00005 ONLAR   EQU     21H
  00000022            00006 YUZLER  EQU 22H
  00000023            00007 BINLER  EQU     23H
  00000024            00008 S1              EQU     24H
  00000025            00009 S2              EQU 25H
  00000026            00010 S3              EQU     26H
                      00011 
0000                  00012         ORG     0x00
0000   2801           00013         GOTO    BASLA
                      00014 
0001                  00015 BASLA
0001   1683 1303      00016         BANKSEL TRISB
Message[302]: Register in operand not in bank 0.  Ensure that bank bits are correct.
0003   0186           00017         CLRF    TRISB
Message[302]: Register in operand not in bank 0.  Ensure that bank bits are correct.
0004   0188           00018         CLRF    TRISD
0005   1283 1303      00019         BANKSEL PORTB
0007   0186           00020         CLRF    PORTB 
0008   0188           00021         CLRF    PORTD 
0009                  00022 LOOP
0009   200B           00023         CALL    GOSTER
000A   2809           00024         GOTO    LOOP
                      00025 
000B                  00026 HARFLER
                      00027         
000B                  00028 GOSTER
                      00029         
000B   3077           00030         MOVLW   b'1110111'
000C   0086           00031         MOVWF   PORTB
000D   30FE           00032         MOVLW   b'11111110'
000E   0088           00033         MOVWF   PORTD
000F   2025           00034         CALL    GECIKME  
                      00035 
0010   3038           00036         MOVLW   b'0111000'
0011   0086           00037         MOVWF   PORTB
0012   30FD           00038         MOVLW   b'11111101'
0013   0088           00039         MOVWF   PORTD
0014   2025           00040         CALL    GECIKME 
                      00041 
0015   3073           00042         MOVLW   b'1110011'
0016   0086           00043         MOVWF   PORTB
0017   30FB           00044         MOVLW   b'11111011'
0018   0088           00045         MOVWF   PORTD
0019   2025           00046         CALL    GECIKME 
                      00047 
001A   3079           00048         MOVLW   b'1111001'
MPASM  4.02 Released                     ISIMYAZDIRMA7SEG.ASM   7-20-2020  21:10:18         PAGE  2


LOC  OBJECT CODE     LINE SOURCE TEXT
  VALUE

001B   0086           00049         MOVWF   PORTB
001C   30F7           00050         MOVLW   b'11110111'
001D   0088           00051         MOVWF   PORTD
001E   2025           00052         CALL    GECIKME 
                      00053 
001F   3077           00054         MOVLW   b'1110111'
0020   0086           00055         MOVWF   PORTB
0021   30EF           00056         MOVLW   b'11101111'
0022   0088           00057         MOVWF   PORTD
0023   2025           00058         CALL    GECIKME  
                      00059 
0024   0008           00060         RETURN
                      00061 
0025                  00062 GECIKME
0025   3007           00063         MOVLW   .7
0026   00A4           00064         MOVWF   S1      
0027                  00065 GECIKME1
0027   3032           00066         MOVLW   .50
0028   00A5           00067         MOVWF   S2
0029                  00068 GECIKME2
0029   3032           00069         MOVLW   .50
002A   00A6           00070         MOVWF   S3
002B                  00071 GECIKME3
002B   0BA6           00072         DECFSZ  S3,F
002C   282B           00073         GOTO    GECIKME3
002D   0BA5           00074         DECFSZ  S2,F
002E   2829           00075         GOTO    GECIKME2
002F   0BA4           00076         DECFSZ  S1,F
0030   2827           00077         GOTO    GECIKME1
0031   0008           00078         RETURN
                      00079         END
MPASM  4.02 Released                     ISIMYAZDIRMA7SEG.ASM   7-20-2020  21:10:18         PAGE  3


SYMBOL TABLE
  LABEL                             VALUE 

ACKDT                             00000005
ACKEN                             00000004
ACKSTAT                           00000006
ADCON0                            0000001F
ADCON1                            0000009F
ADCS0                             00000006
ADCS1                             00000007
ADDEN                             00000003
ADFM                              00000007
ADIE                              00000006
ADIF                              00000006
ADON                              00000000
ADRESH                            0000001E
ADRESL                            0000009E
BASLA                             00000001
BCLIE                             00000003
BCLIF                             00000003
BF                                00000000
BINLER                            00000023
BIRLER                            00000020
BRGH                              00000002
C                                 00000000
C1INV                             00000004
C1OUT                             00000006
C2INV                             00000005
C2OUT                             00000007
CCP1CON                           00000017
CCP1IE                            00000002
CCP1IF                            00000002
CCP1M0                            00000000
CCP1M1                            00000001
CCP1M2                            00000002
CCP1M3                            00000003
CCP1X                             00000005
CCP1Y                             00000004
CCP2CON                           0000001D
CCP2IE                            00000000
CCP2IF                            00000000
CCP2M0                            00000000
CCP2M1                            00000001
CCP2M2                            00000002
CCP2M3                            00000003
CCP2X                             00000005
CCP2Y                             00000004
CCPR1H                            00000016
CCPR1L                            00000015
CCPR2H                            0000001C
CCPR2L                            0000001B
CHS0                              00000003
CHS1                              00000004
CHS2                              00000005
CIS                               00000003
CKE                               00000006
MPASM  4.02 Released                     ISIMYAZDIRMA7SEG.ASM   7-20-2020  21:10:18         PAGE  4


SYMBOL TABLE
  LABEL                             VALUE 

CKP                               00000004
CM0                               00000000
CM1                               00000001
CM2                               00000002
CMCON                             0000009C
CMIE                              00000006
CMIF                              00000006
CREN                              00000004
CSRC                              00000007
CVR0                              00000000
CVR1                              00000001
CVR2                              00000002
CVR3                              00000003
CVRCON                            0000009D
CVREN                             00000007
CVROE                             00000006
CVRR                              00000005
D                                 00000005
DATA_ADDRESS                      00000005
DC                                00000001
D_A                               00000005
EEADR                             0000010D
EEADRH                            0000010F
EECON1                            0000018C
EECON2                            0000018D
EEDATA                            0000010C
EEDATH                            0000010E
EEIE                              00000004
EEIF                              00000004
EEPGD                             00000007
F                                 00000001
FERR                              00000002
FSR                               00000004
GCEN                              00000007
GECIKME                           00000025
GECIKME1                          00000027
GECIKME2                          00000029
GECIKME3                          0000002B
GIE                               00000007
GO                                00000002
GOSTER                            0000000B
GO_DONE                           00000002
HARFLER                           0000000B
I2C_DATA                          00000005
I2C_READ                          00000002
I2C_START                         00000003
I2C_STOP                          00000004
IBF                               00000007
IBOV                              00000005
INDF                              00000000
INTCON                            0000000B
INTE                              00000004
INTEDG                            00000006
MPASM  4.02 Released                     ISIMYAZDIRMA7SEG.ASM   7-20-2020  21:10:18         PAGE  5


SYMBOL TABLE
  LABEL                             VALUE 

INTF                              00000001
IRP                               00000007
LOOP                              00000009
NOT_A                             00000005
NOT_ADDRESS                       00000005
NOT_BO                            00000000
NOT_BOR                           00000000
NOT_DONE                          00000002
NOT_PD                            00000003
NOT_POR                           00000001
NOT_RBPU                          00000007
NOT_RC8                           00000006
NOT_T1SYNC                        00000002
NOT_TO                            00000004
NOT_TX8                           00000006
NOT_W                             00000002
NOT_WRITE                         00000002
OBF                               00000006
OERR                              00000001
ONLAR                             00000021
OPTION_REG                        00000081
P                                 00000004
PCFG0                             00000000
PCFG1                             00000001
PCFG2                             00000002
PCFG3                             00000003
PCL                               00000002
PCLATH                            0000000A
PCON                              0000008E
PEIE                              00000006
PEN                               00000002
PIE1                              0000008C
PIE2                              0000008D
PIR1                              0000000C
PIR2                              0000000D
PORTA                             00000005
PORTB                             00000006
PORTC                             00000007
PORTD                             00000008
PORTE                             00000009
PR2                               00000092
PS0                               00000000
PS1                               00000001
PS2                               00000002
PSA                               00000003
PSPIE                             00000007
PSPIF                             00000007
PSPMODE                           00000004
R                                 00000002
RBIE                              00000003
RBIF                              00000000
RC8_9                             00000006
RC9                               00000006
MPASM  4.02 Released                     ISIMYAZDIRMA7SEG.ASM   7-20-2020  21:10:18         PAGE  6


SYMBOL TABLE
  LABEL                             VALUE 

RCD8                              00000000
RCEN                              00000003
RCIE                              00000005
RCIF                              00000005
RCREG                             0000001A
RCSTA                             00000018
RD                                00000000
READ_WRITE                        00000002
RP0                               00000005
RP1                               00000006
RSEN                              00000001
RX9                               00000006
RX9D                              00000000
R_W                               00000002
S                                 00000003
S1                                00000024
S2                                00000025
S3                                00000026
SEN                               00000000
SMP                               00000007
SPBRG                             00000099
SPEN                              00000007
SREN                              00000005
SSPADD                            00000093
SSPBUF                            00000013
SSPCON                            00000014
SSPCON2                           00000091
SSPEN                             00000005
SSPIE                             00000003
SSPIF                             00000003
SSPM0                             00000000
SSPM1                             00000001
SSPM2                             00000002
SSPM3                             00000003
SSPOV                             00000006
SSPSTAT                           00000094
STATUS                            00000003
SYNC                              00000004
T0CS                              00000005
T0IE                              00000005
T0IF                              00000002
T0SE                              00000004
T1CKPS0                           00000004
T1CKPS1                           00000005
T1CON                             00000010
T1INSYNC                          00000002
T1OSCEN                           00000003
T1SYNC                            00000002
T2CKPS0                           00000000
T2CKPS1                           00000001
T2CON                             00000012
TMR0                              00000001
TMR0IE                            00000005
MPASM  4.02 Released                     ISIMYAZDIRMA7SEG.ASM   7-20-2020  21:10:18         PAGE  7


SYMBOL TABLE
  LABEL                             VALUE 

TMR0IF                            00000002
TMR1CS                            00000001
TMR1H                             0000000F
TMR1IE                            00000000
TMR1IF                            00000000
TMR1L                             0000000E
TMR1ON                            00000000
TMR2                              00000011
TMR2IE                            00000001
TMR2IF                            00000001
TMR2ON                            00000002
TOUTPS0                           00000003
TOUTPS1                           00000004
TOUTPS2                           00000005
TOUTPS3                           00000006
TRISA                             00000085
TRISB                             00000086
TRISC                             00000087
TRISD                             00000088
TRISE                             00000089
TRISE0                            00000000
TRISE1                            00000001
TRISE2                            00000002
TRMT                              00000001
TX8_9                             00000006
TX9                               00000006
TX9D                              00000000
TXD8                              00000000
TXEN                              00000005
TXIE                              00000004
TXIF                              00000004
TXREG                             00000019
TXSTA                             00000098
UA                                00000001
W                                 00000000
WCOL                              00000007
WR                                00000001
WREN                              00000002
WRERR                             00000003
YUZLER                            00000022
Z                                 00000002
_BODEN_OFF                        00003FBF
_BODEN_ON                         00003FFF
_CPD_OFF                          00003FFF
_CPD_ON                           00003EFF
_CP_ALL                           00001FFF
_CP_OFF                           00003FFF
_DEBUG_OFF                        00003FFF
_DEBUG_ON                         000037FF
_HS_OSC                           00003FFE
_LP_OSC                           00003FFC
_LVP_OFF                          00003F7F
_LVP_ON                           00003FFF
MPASM  4.02 Released                     ISIMYAZDIRMA7SEG.ASM   7-20-2020  21:10:18         PAGE  8


SYMBOL TABLE
  LABEL                             VALUE 

_PWRTE_OFF                        00003FFF
_PWRTE_ON                         00003FF7
_RC_OSC                           00003FFF
_WDT_OFF                          00003FFB
_WDT_ON                           00003FFF
_WRT_1FOURTH                      00003BFF
_WRT_256                          00003DFF
_WRT_HALF                         000039FF
_WRT_OFF                          00003FFF
_XT_OSC                           00003FFD
__16F877A                         00000001


MEMORY USAGE MAP ('X' = Used,  '-' = Unused)

0000 : XXXXXXXXXXXXXXXX XXXXXXXXXXXXXXXX XXXXXXXXXXXXXXXX XX--------------

All other memory blocks unused.

Program Memory Words Used:    50
Program Memory Words Free:  8142


Errors   :     0
Warnings :     0 reported,     0 suppressed
Messages :     2 reported,     0 suppressed

